<?xml version="1.0" encoding="UTF-8"?>
<!-- Generated by org.testng.reporters.JUnitReportReporter -->
<testsuite hostname="LAPTOP-55U1L3LS" failures="0" tests="1" name="com.FB.qa.testcases.LoginTest" time="10.171" errors="0" timestamp="2023-02-26T12:04:15 IST" skipped="0">
  <testcase classname="com.FB.qa.testcases.LoginTest" name="Logintest" time="10.171"/>
  <system-out/>
</testsuite> <!-- com.FB.qa.testcases.LoginTest -->
